Jan-31 09:45:38.105 [main] DEBUG nextflow.cli.Launcher - $> nextflow main.nf --samplesheet 12c.txt --outdir microout
Jan-31 09:45:39.444 [main] INFO  nextflow.cli.CmdRun - N E X T F L O W  ~  version 21.10.6
Jan-31 09:45:39.488 [main] INFO  nextflow.cli.CmdRun - Launching `main.nf` [high_newton] - revision: 064d528fa3
Jan-31 09:45:39.509 [main] DEBUG nextflow.config.ConfigBuilder - Found config local: /scicomp/home-pure/suj7/micropipe/nextflow.config
Jan-31 09:45:39.510 [main] DEBUG nextflow.config.ConfigBuilder - Parsing config file: /scicomp/home-pure/suj7/micropipe/nextflow.config
Jan-31 09:45:39.542 [main] DEBUG nextflow.config.ConfigBuilder - Applying config profile: `standard`
Jan-31 09:45:40.923 [main] DEBUG nextflow.plugin.PluginsFacade - Setting up plugin manager > mode=prod; plugins-dir=/scicomp/home-pure/suj7/.nextflow/plugins
Jan-31 09:45:40.927 [main] DEBUG nextflow.plugin.PluginsFacade - Plugins default=[]
Jan-31 09:45:40.944 [main] INFO  org.pf4j.DefaultPluginStatusProvider - Enabled plugins: []
Jan-31 09:45:40.946 [main] INFO  org.pf4j.DefaultPluginStatusProvider - Disabled plugins: []
Jan-31 09:45:40.951 [main] INFO  org.pf4j.DefaultPluginManager - PF4J version 3.4.1 in 'deployment' mode
Jan-31 09:45:40.965 [main] INFO  org.pf4j.AbstractPluginManager - No plugins
Jan-31 09:45:41.030 [main] DEBUG nextflow.Session - Session uuid: 1243abc4-da08-40e1-8072-5f7d6480965b
Jan-31 09:45:41.030 [main] DEBUG nextflow.Session - Run name: high_newton
Jan-31 09:45:41.031 [main] DEBUG nextflow.Session - Executor pool size: 16
Jan-31 09:45:41.058 [main] DEBUG nextflow.cli.CmdRun - 
  Version: 21.10.6 build 5660
  Created: 21-12-2021 16:55 UTC (11:55 EDT)
  System: Linux 3.10.0-1160.49.1.el7.x86_64
  Runtime: Groovy 3.0.9 on OpenJDK 64-Bit Server VM 1.8.0_322-b06
  Encoding: UTF-8 (UTF-8)
  Process: 24085@login02.aspen.biotech.cdc.gov [158.111.36.106]
  CPUs: 16 - Mem: 125.7 GB (8.2 GB) - Swap: 4 GB (2.7 GB)
Jan-31 09:45:41.100 [main] DEBUG nextflow.Session - Work-dir: /scicomp/home-pure/suj7/micropipe/work [nfs]
Jan-31 09:45:41.123 [main] DEBUG nextflow.executor.ExecutorFactory - Extension executors providers=[]
Jan-31 09:45:41.136 [main] DEBUG nextflow.Session - Observer factory: DefaultObserverFactory
Jan-31 09:45:41.222 [main] DEBUG nextflow.util.CustomThreadPool - Creating default thread pool > poolSize: 17; maxThreads: 1000
Jan-31 09:45:41.347 [main] DEBUG nextflow.Session - Session start invoked
Jan-31 09:45:41.352 [main] DEBUG nextflow.trace.TraceFileObserver - Flow starting -- trace file: /scicomp/home-pure/suj7/micropipe/microout/trace.txt
Jan-31 09:45:41.405 [main] WARN  nextflow.NextflowMeta$Preview - DSL 2 PREVIEW MODE IS DEPRECATED - USE THE STABLE VERSION INSTEAD -- Read more at https://www.nextflow.io/docs/latest/dsl2.html#dsl2-migration-notes
Jan-31 09:45:44.024 [main] DEBUG nextflow.script.ScriptRunner - > Launching execution
Jan-31 09:45:44.172 [main] DEBUG nextflow.util.CustomThreadPool - Creating default thread pool > poolSize: 17; maxThreads: 1000
Jan-31 09:45:44.289 [main] DEBUG nextflow.script.ProcessConfig - Config settings `withLabel:cpu` matches labels `cpu,big_mem` for process with name assembly:porechop
Jan-31 09:45:44.290 [main] DEBUG nextflow.script.ProcessConfig - Config settings `withLabel:big_mem` matches labels `cpu,big_mem` for process with name assembly:porechop
Jan-31 09:45:44.292 [main] DEBUG nextflow.script.ProcessConfig - Config settings `withName:porechop` matches process assembly:porechop
Jan-31 09:45:44.297 [main] DEBUG nextflow.executor.ExecutorFactory - << taskConfig executor: local
Jan-31 09:45:44.298 [main] DEBUG nextflow.executor.ExecutorFactory - >> processorType: 'local'
Jan-31 09:45:44.303 [main] DEBUG nextflow.executor.Executor - [warm up] executor > local
Jan-31 09:45:44.310 [main] DEBUG n.processor.LocalPollingMonitor - Creating local task monitor for executor 'local' > cpus=16; memory=125.7 GB; capacity=16; pollInterval=100ms; dumpInterval=5m
Jan-31 09:45:44.400 [main] DEBUG nextflow.script.ProcessConfig - Config settings `withLabel:cpu` matches labels `cpu` for process with name assembly:japsa
Jan-31 09:45:44.400 [main] DEBUG nextflow.script.ProcessConfig - Config settings `withName:japsa` matches process assembly:japsa
Jan-31 09:45:44.402 [main] DEBUG nextflow.executor.ExecutorFactory - << taskConfig executor: local
Jan-31 09:45:44.402 [main] DEBUG nextflow.executor.ExecutorFactory - >> processorType: 'local'
Jan-31 09:45:44.413 [main] DEBUG nextflow.script.ProcessConfig - Config settings `withLabel:cpu` matches labels `cpu,big_mem` for process with name assembly:flye
Jan-31 09:45:44.413 [main] DEBUG nextflow.script.ProcessConfig - Config settings `withLabel:big_mem` matches labels `cpu,big_mem` for process with name assembly:flye
Jan-31 09:45:44.413 [main] DEBUG nextflow.script.ProcessConfig - Config settings `withName:flye` matches process assembly:flye
Jan-31 09:45:44.415 [main] DEBUG nextflow.executor.ExecutorFactory - << taskConfig executor: local
Jan-31 09:45:44.415 [main] DEBUG nextflow.executor.ExecutorFactory - >> processorType: 'local'
Jan-31 09:45:44.427 [main] DEBUG nextflow.script.ProcessConfig - Config settings `withLabel:cpu` matches labels `cpu,racon` for process with name assembly:racon_cpu
Jan-31 09:45:44.427 [main] DEBUG nextflow.script.ProcessConfig - Config settings `withName:racon_cpu` matches process assembly:racon_cpu
Jan-31 09:45:44.428 [main] DEBUG nextflow.executor.ExecutorFactory - << taskConfig executor: local
Jan-31 09:45:44.428 [main] DEBUG nextflow.executor.ExecutorFactory - >> processorType: 'local'
Jan-31 09:45:44.438 [main] DEBUG nextflow.script.ProcessConfig - Config settings `withLabel:cpu` matches labels `cpu,medaka` for process with name assembly:medaka_cpu
Jan-31 09:45:44.438 [main] DEBUG nextflow.script.ProcessConfig - Config settings `withLabel:medaka` matches labels `cpu,medaka` for process with name assembly:medaka_cpu
Jan-31 09:45:44.439 [main] DEBUG nextflow.executor.ExecutorFactory - << taskConfig executor: local
Jan-31 09:45:44.439 [main] DEBUG nextflow.executor.ExecutorFactory - >> processorType: 'local'
Jan-31 09:45:44.461 [main] DEBUG nextflow.script.ProcessConfig - Config settings `withLabel:cpu` matches labels `cpu,nextpolish` for process with name assembly:nextpolish
Jan-31 09:45:44.462 [main] DEBUG nextflow.script.ProcessConfig - Config settings `withLabel:nextpolish` matches labels `cpu,nextpolish` for process with name assembly:nextpolish
Jan-31 09:45:44.469 [main] DEBUG nextflow.executor.ExecutorFactory - << taskConfig executor: local
Jan-31 09:45:44.469 [main] DEBUG nextflow.executor.ExecutorFactory - >> processorType: 'local'
Jan-31 09:45:44.480 [main] DEBUG nextflow.script.ProcessConfig - Config settings `withLabel:circlator` matches labels `circlator` for process with name assembly:fixstart
Jan-31 09:45:44.481 [main] DEBUG nextflow.executor.ExecutorFactory - << taskConfig executor: local
Jan-31 09:45:44.481 [main] DEBUG nextflow.executor.ExecutorFactory - >> processorType: 'local'
Jan-31 09:45:44.490 [main] DEBUG nextflow.script.ProcessConfig - Config settings `withLabel:cpu` matches labels `cpu` for process with name assembly:quast
Jan-31 09:45:44.490 [main] DEBUG nextflow.script.ProcessConfig - Config settings `withName:quast` matches process assembly:quast
Jan-31 09:45:44.491 [main] DEBUG nextflow.executor.ExecutorFactory - << taskConfig executor: local
Jan-31 09:45:44.491 [main] DEBUG nextflow.executor.ExecutorFactory - >> processorType: 'local'
Jan-31 09:45:44.496 [main] DEBUG nextflow.Session - Workflow process names [dsl2]: demultiplexing_guppy_cpu, filtlong, medaka_cpu, rasusa, assembly:medaka_cpu, basecalling_demultiplexing_guppy, fixstart_LR, assembly:quast, fixstart, assembly:porechop, assembly:flye, nextpolish, assembly:japsa, basecalling_demultiplexing_guppy_cpu, flye, assembly:racon_cpu, basecalling_cpu, japsa, basecalling_single_isolate, porechop, racon_cpu, nextpolish_LR, assembly:nextpolish, assembly:fixstart, demultiplexing_qcat, pycoqc, quast, demultiplexing_guppy, basecalling, basecalling_cpu_single_isolate
Jan-31 09:45:44.499 [main] DEBUG nextflow.Session - Ignite dataflow network (10)
Jan-31 09:45:44.510 [main] DEBUG nextflow.processor.TaskProcessor - Starting process > assembly:porechop
Jan-31 09:45:44.511 [main] DEBUG nextflow.processor.TaskProcessor - Starting process > assembly:japsa
Jan-31 09:45:44.512 [main] DEBUG nextflow.processor.TaskProcessor - Starting process > assembly:flye
Jan-31 09:45:44.513 [main] DEBUG nextflow.processor.TaskProcessor - Starting process > assembly:racon_cpu
Jan-31 09:45:44.513 [main] DEBUG nextflow.processor.TaskProcessor - Starting process > assembly:medaka_cpu
Jan-31 09:45:44.516 [main] DEBUG nextflow.processor.TaskProcessor - Starting process > assembly:nextpolish
Jan-31 09:45:44.517 [main] DEBUG nextflow.processor.TaskProcessor - Starting process > assembly:fixstart
Jan-31 09:45:44.518 [main] DEBUG nextflow.processor.TaskProcessor - Starting process > assembly:quast
Jan-31 09:45:44.520 [main] DEBUG nextflow.script.ScriptRunner - > Await termination 
Jan-31 09:45:44.520 [main] DEBUG nextflow.Session - Session await
Jan-31 09:45:44.548 [Actor Thread 11] ERROR nextflow.extension.OperatorEx - @unknown
java.lang.IllegalArgumentException: Argument of `file` function cannot be null
	at sun.reflect.NativeConstructorAccessorImpl.newInstance0(Native Method)
	at sun.reflect.NativeConstructorAccessorImpl.newInstance(NativeConstructorAccessorImpl.java:62)
	at sun.reflect.DelegatingConstructorAccessorImpl.newInstance(DelegatingConstructorAccessorImpl.java:45)
	at java.lang.reflect.Constructor.newInstance(Constructor.java:423)
	at org.codehaus.groovy.reflection.CachedConstructor.invoke(CachedConstructor.java:72)
	at org.codehaus.groovy.reflection.CachedConstructor.doConstructorInvoke(CachedConstructor.java:59)
	at org.codehaus.groovy.runtime.callsite.ConstructorSite$ConstructorSiteNoUnwrap.callConstructor(ConstructorSite.java:84)
	at org.codehaus.groovy.runtime.callsite.CallSiteArray.defaultCallConstructor(CallSiteArray.java:59)
	at org.codehaus.groovy.runtime.callsite.AbstractCallSite.callConstructor(AbstractCallSite.java:263)
	at org.codehaus.groovy.runtime.callsite.AbstractCallSite.callConstructor(AbstractCallSite.java:277)
	at nextflow.Nextflow.file(Nextflow.groovy:146)
	at nextflow.Nextflow$file.callStatic(Unknown Source)
	at org.codehaus.groovy.runtime.callsite.CallSiteArray.defaultCallStatic(CallSiteArray.java:55)
	at org.codehaus.groovy.runtime.callsite.AbstractCallSite.callStatic(AbstractCallSite.java:217)
	at org.codehaus.groovy.runtime.callsite.AbstractCallSite.callStatic(AbstractCallSite.java:240)
	at Script_cb344ee5$_runScript_closure24$_closure199$_closure221.doCall(Script_cb344ee5:925)
	at sun.reflect.NativeMethodAccessorImpl.invoke0(Native Method)
	at sun.reflect.NativeMethodAccessorImpl.invoke(NativeMethodAccessorImpl.java:62)
	at sun.reflect.DelegatingMethodAccessorImpl.invoke(DelegatingMethodAccessorImpl.java:43)
	at java.lang.reflect.Method.invoke(Method.java:498)
	at org.codehaus.groovy.reflection.CachedMethod.invoke(CachedMethod.java:107)
	at groovy.lang.MetaMethod.doMethodInvoke(MetaMethod.java:323)
	at org.codehaus.groovy.runtime.metaclass.ClosureMetaClass.invokeMethod(ClosureMetaClass.java:274)
	at groovy.lang.MetaClassImpl.invokeMethod(MetaClassImpl.java:1035)
	at org.codehaus.groovy.runtime.callsite.PogoMetaClassSite.call(PogoMetaClassSite.java:38)
	at org.codehaus.groovy.runtime.callsite.CallSiteArray.defaultCall(CallSiteArray.java:47)
	at org.codehaus.groovy.runtime.callsite.AbstractCallSite.call(AbstractCallSite.java:125)
	at org.codehaus.groovy.runtime.callsite.AbstractCallSite.call(AbstractCallSite.java:139)
	at nextflow.extension.MapOp$_apply_closure1.doCall(MapOp.groovy:57)
	at sun.reflect.NativeMethodAccessorImpl.invoke0(Native Method)
	at sun.reflect.NativeMethodAccessorImpl.invoke(NativeMethodAccessorImpl.java:62)
	at sun.reflect.DelegatingMethodAccessorImpl.invoke(DelegatingMethodAccessorImpl.java:43)
	at java.lang.reflect.Method.invoke(Method.java:498)
	at org.codehaus.groovy.reflection.CachedMethod.invoke(CachedMethod.java:107)
	at groovy.lang.MetaMethod.doMethodInvoke(MetaMethod.java:323)
	at org.codehaus.groovy.runtime.metaclass.ClosureMetaClass.invokeMethod(ClosureMetaClass.java:274)
	at groovy.lang.MetaClassImpl.invokeMethod(MetaClassImpl.java:1035)
	at groovy.lang.Closure.call(Closure.java:412)
	at groovyx.gpars.dataflow.operator.DataflowOperatorActor.startTask(DataflowOperatorActor.java:120)
	at groovyx.gpars.dataflow.operator.DataflowOperatorActor.onMessage(DataflowOperatorActor.java:108)
	at groovyx.gpars.actor.impl.SDAClosure$1.call(SDAClosure.java:43)
	at groovyx.gpars.actor.AbstractLoopingActor.runEnhancedWithoutRepliesOnMessages(AbstractLoopingActor.java:293)
	at groovyx.gpars.actor.AbstractLoopingActor.access$400(AbstractLoopingActor.java:30)
	at groovyx.gpars.actor.AbstractLoopingActor$1.handleMessage(AbstractLoopingActor.java:93)
	at groovyx.gpars.util.AsyncMessagingCore.run(AsyncMessagingCore.java:132)
	at java.util.concurrent.ThreadPoolExecutor.runWorker(ThreadPoolExecutor.java:1149)
	at java.util.concurrent.ThreadPoolExecutor$Worker.run(ThreadPoolExecutor.java:624)
	at java.lang.Thread.run(Thread.java:750)
Jan-31 09:45:44.548 [Actor Thread 10] ERROR nextflow.extension.OperatorEx - @unknown
java.lang.IllegalArgumentException: Argument of `file` function cannot be null
	at sun.reflect.NativeConstructorAccessorImpl.newInstance0(Native Method)
	at sun.reflect.NativeConstructorAccessorImpl.newInstance(NativeConstructorAccessorImpl.java:62)
	at sun.reflect.DelegatingConstructorAccessorImpl.newInstance(DelegatingConstructorAccessorImpl.java:45)
	at java.lang.reflect.Constructor.newInstance(Constructor.java:423)
	at org.codehaus.groovy.reflection.CachedConstructor.invoke(CachedConstructor.java:72)
	at org.codehaus.groovy.reflection.CachedConstructor.doConstructorInvoke(CachedConstructor.java:59)
	at org.codehaus.groovy.runtime.callsite.ConstructorSite$ConstructorSiteNoUnwrap.callConstructor(ConstructorSite.java:84)
	at org.codehaus.groovy.runtime.callsite.CallSiteArray.defaultCallConstructor(CallSiteArray.java:59)
	at org.codehaus.groovy.runtime.callsite.AbstractCallSite.callConstructor(AbstractCallSite.java:263)
	at org.codehaus.groovy.runtime.callsite.AbstractCallSite.callConstructor(AbstractCallSite.java:277)
	at nextflow.Nextflow.file(Nextflow.groovy:146)
	at nextflow.Nextflow$file$0.callStatic(Unknown Source)
	at org.codehaus.groovy.runtime.callsite.CallSiteArray.defaultCallStatic(CallSiteArray.java:55)
	at org.codehaus.groovy.runtime.callsite.AbstractCallSite.callStatic(AbstractCallSite.java:217)
	at org.codehaus.groovy.runtime.callsite.AbstractCallSite.callStatic(AbstractCallSite.java:240)
	at Script_cb344ee5$_runScript_closure24$_closure199$_closure223.doCall(Script_cb344ee5:931)
	at sun.reflect.NativeMethodAccessorImpl.invoke0(Native Method)
	at sun.reflect.NativeMethodAccessorImpl.invoke(NativeMethodAccessorImpl.java:62)
	at sun.reflect.DelegatingMethodAccessorImpl.invoke(DelegatingMethodAccessorImpl.java:43)
	at java.lang.reflect.Method.invoke(Method.java:498)
	at org.codehaus.groovy.reflection.CachedMethod.invoke(CachedMethod.java:107)
	at groovy.lang.MetaMethod.doMethodInvoke(MetaMethod.java:323)
	at org.codehaus.groovy.runtime.metaclass.ClosureMetaClass.invokeMethod(ClosureMetaClass.java:274)
	at groovy.lang.MetaClassImpl.invokeMethod(MetaClassImpl.java:1035)
	at org.codehaus.groovy.runtime.callsite.PogoMetaClassSite.call(PogoMetaClassSite.java:38)
	at org.codehaus.groovy.runtime.callsite.CallSiteArray.defaultCall(CallSiteArray.java:47)
	at org.codehaus.groovy.runtime.callsite.AbstractCallSite.call(AbstractCallSite.java:125)
	at org.codehaus.groovy.runtime.callsite.AbstractCallSite.call(AbstractCallSite.java:139)
	at nextflow.extension.MapOp$_apply_closure1.doCall(MapOp.groovy:57)
	at sun.reflect.NativeMethodAccessorImpl.invoke0(Native Method)
	at sun.reflect.NativeMethodAccessorImpl.invoke(NativeMethodAccessorImpl.java:62)
	at sun.reflect.DelegatingMethodAccessorImpl.invoke(DelegatingMethodAccessorImpl.java:43)
	at java.lang.reflect.Method.invoke(Method.java:498)
	at org.codehaus.groovy.reflection.CachedMethod.invoke(CachedMethod.java:107)
	at groovy.lang.MetaMethod.doMethodInvoke(MetaMethod.java:323)
	at org.codehaus.groovy.runtime.metaclass.ClosureMetaClass.invokeMethod(ClosureMetaClass.java:274)
	at groovy.lang.MetaClassImpl.invokeMethod(MetaClassImpl.java:1035)
	at groovy.lang.Closure.call(Closure.java:412)
	at groovyx.gpars.dataflow.operator.DataflowOperatorActor.startTask(DataflowOperatorActor.java:120)
	at groovyx.gpars.dataflow.operator.DataflowOperatorActor.onMessage(DataflowOperatorActor.java:108)
	at groovyx.gpars.actor.impl.SDAClosure$1.call(SDAClosure.java:43)
	at groovyx.gpars.actor.AbstractLoopingActor.runEnhancedWithoutRepliesOnMessages(AbstractLoopingActor.java:293)
	at groovyx.gpars.actor.AbstractLoopingActor.access$400(AbstractLoopingActor.java:30)
	at groovyx.gpars.actor.AbstractLoopingActor$1.handleMessage(AbstractLoopingActor.java:93)
	at groovyx.gpars.util.AsyncMessagingCore.run(AsyncMessagingCore.java:132)
	at java.util.concurrent.ThreadPoolExecutor.runWorker(ThreadPoolExecutor.java:1149)
	at java.util.concurrent.ThreadPoolExecutor$Worker.run(ThreadPoolExecutor.java:624)
	at java.lang.Thread.run(Thread.java:750)
Jan-31 09:45:44.558 [Actor Thread 11] DEBUG nextflow.Session - Session aborted -- Cause: Argument of `file` function cannot be null
Jan-31 09:45:44.558 [Actor Thread 10] DEBUG nextflow.Session - Session aborted -- Cause: Argument of `file` function cannot be null
Jan-31 09:45:44.591 [Actor Thread 10] DEBUG nextflow.Session - The following nodes are still active:
[process] assembly:porechop
  status=ACTIVE
  port 0: (queue) OPEN  ; channel: -
  port 1: (cntrl) -     ; channel: $

[process] assembly:japsa
  status=ACTIVE
  port 0: (queue) OPEN  ; channel: -
  port 1: (cntrl) -     ; channel: $

[process] assembly:flye
  status=ACTIVE
  port 0: (queue) OPEN  ; channel: -
  port 1: (cntrl) -     ; channel: $

[process] assembly:racon_cpu
  status=ACTIVE
  port 0: (queue) OPEN  ; channel: -
  port 1: (cntrl) -     ; channel: $

[process] assembly:medaka_cpu
  status=ACTIVE
  port 0: (queue) OPEN  ; channel: -
  port 1: (cntrl) -     ; channel: $

[process] assembly:nextpolish
  status=ACTIVE
  port 0: (queue) OPEN  ; channel: -
  port 1: (cntrl) -     ; channel: $

[process] assembly:fixstart
  status=ACTIVE
  port 0: (queue) OPEN  ; channel: -
  port 1: (cntrl) -     ; channel: $

[process] assembly:quast
  status=ACTIVE
  port 0: (queue) OPEN  ; channel: -
  port 1: (cntrl) -     ; channel: $

Jan-31 09:45:44.592 [Actor Thread 11] DEBUG nextflow.Session - The following nodes are still active:
[process] assembly:porechop
  status=ACTIVE
  port 0: (queue) OPEN  ; channel: -
  port 1: (cntrl) -     ; channel: $

[process] assembly:japsa
  status=ACTIVE
  port 0: (queue) OPEN  ; channel: -
  port 1: (cntrl) -     ; channel: $

[process] assembly:flye
  status=ACTIVE
  port 0: (queue) OPEN  ; channel: -
  port 1: (cntrl) -     ; channel: $

[process] assembly:racon_cpu
  status=ACTIVE
  port 0: (queue) OPEN  ; channel: -
  port 1: (cntrl) -     ; channel: $

[process] assembly:medaka_cpu
  status=ACTIVE
  port 0: (queue) OPEN  ; channel: -
  port 1: (cntrl) -     ; channel: $

[process] assembly:nextpolish
  status=ACTIVE
  port 0: (queue) OPEN  ; channel: -
  port 1: (cntrl) -     ; channel: $

[process] assembly:fixstart
  status=ACTIVE
  port 0: (queue) OPEN  ; channel: -
  port 1: (cntrl) -     ; channel: $

[process] assembly:quast
  status=ACTIVE
  port 0: (queue) OPEN  ; channel: -
  port 1: (cntrl) -     ; channel: $

Jan-31 09:45:44.595 [main] DEBUG nextflow.Session - Session await > all process finished
Jan-31 09:45:44.598 [main] DEBUG nextflow.Session - Session await > all barriers passed
Jan-31 09:45:44.609 [main] DEBUG nextflow.trace.WorkflowStatsObserver - Workflow completed > WorkflowStats[succeededCount=0; failedCount=0; ignoredCount=0; cachedCount=0; pendingCount=0; submittedCount=0; runningCount=0; retriesCount=0; abortedCount=0; succeedDuration=0ms; failedDuration=0ms; cachedDuration=0ms;loadCpus=0; loadMemory=0; peakRunning=0; peakCpus=0; peakMemory=0; ]
Jan-31 09:45:44.610 [main] DEBUG nextflow.trace.TraceFileObserver - Flow completing -- flushing trace file
Jan-31 09:45:44.613 [main] DEBUG nextflow.trace.ReportObserver - Flow completing -- rendering html report
Jan-31 09:45:44.619 [main] DEBUG nextflow.trace.ReportObserver - Execution report summary data:
  []
Jan-31 09:45:45.423 [main] DEBUG nextflow.trace.TimelineObserver - Flow completing -- rendering html timeline
Jan-31 09:45:45.555 [main] WARN  nextflow.dag.GraphvizRenderer - To render the execution DAG in the required format it is required to install Graphviz -- See http://www.graphviz.org for more info.
Jan-31 09:45:45.570 [main] DEBUG nextflow.CacheDB - Closing CacheDB done
Jan-31 09:45:45.722 [main] DEBUG nextflow.script.ScriptRunner - > Execution complete -- Goodbye
