/usr/local/bin/quast.py -o /scicomp/home-pure/suj7/micropipe/work/3e/4482023af407a354b572ec1f4da52e -t 1 -l S24 flye_polishedLR_SR_fixstart.fasta

Version: 5.0.2

System information:
  OS: Linux-3.10.0-1160.49.1.el7.x86_64-x86_64-with-debian-8.11 (linux_64)
  Python version: 3.7.6
  CPUs number: 192

Started: 2022-01-19 14:15:04

Logging to /scicomp/home-pure/suj7/micropipe/work/3e/4482023af407a354b572ec1f4da52e/quast.log

CWD: /scicomp/home-pure/suj7/micropipe/work/3e/4482023af407a354b572ec1f4da52e
Main parameters: 
  MODE: default, threads: 1, minimum contig length: 500, minimum alignment length: 65, \
  ambiguity: one, threshold for extensive misassembly size: 1000

Contigs:
  Pre-processing...
  flye_polishedLR_SR_fixstart.fasta ==> S24

2022-01-19 14:15:05
Running Basic statistics processor...
  Contig files: 
    S24
  Calculating N50 and L50...
    S24, N50 = 405304, L50 = 5, Total length = 5151461, GC % = 50.63, # N's per 100 kbp =  0.08
  Drawing Nx plot...
    saved to /scicomp/home-pure/suj7/micropipe/work/3e/4482023af407a354b572ec1f4da52e/basic_stats/Nx_plot.pdf
  Drawing cumulative plot...
    saved to /scicomp/home-pure/suj7/micropipe/work/3e/4482023af407a354b572ec1f4da52e/basic_stats/cumulative_plot.pdf
  Drawing GC content plot...
    saved to /scicomp/home-pure/suj7/micropipe/work/3e/4482023af407a354b572ec1f4da52e/basic_stats/GC_content_plot.pdf
  Drawing S24 GC content plot...
    saved to /scicomp/home-pure/suj7/micropipe/work/3e/4482023af407a354b572ec1f4da52e/basic_stats/S24_GC_content_plot.pdf
Done.

NOTICE: Genes are not predicted by default. Use --gene-finding or --glimmer option to enable it.

2022-01-19 14:15:06
Creating large visual summaries...
This may take a while: press Ctrl-C to skip this step..
  1 of 2: Creating Icarus viewers...
  2 of 2: Creating PDF with all tables and plots...
Done

2022-01-19 14:15:06
RESULTS:
  Text versions of total report are saved to /scicomp/home-pure/suj7/micropipe/work/3e/4482023af407a354b572ec1f4da52e/report.txt, report.tsv, and report.tex
  Text versions of transposed total report are saved to /scicomp/home-pure/suj7/micropipe/work/3e/4482023af407a354b572ec1f4da52e/transposed_report.txt, transposed_report.tsv, and transposed_report.tex
  HTML version (interactive tables and plots) is saved to /scicomp/home-pure/suj7/micropipe/work/3e/4482023af407a354b572ec1f4da52e/report.html
  PDF version (tables and plots) is saved to /scicomp/home-pure/suj7/micropipe/work/3e/4482023af407a354b572ec1f4da52e/report.pdf
  Icarus (contig browser) is saved to /scicomp/home-pure/suj7/micropipe/work/3e/4482023af407a354b572ec1f4da52e/icarus.html
  Log is saved to /scicomp/home-pure/suj7/micropipe/work/3e/4482023af407a354b572ec1f4da52e/quast.log

Finished: 2022-01-19 14:15:06
Elapsed time: 0:00:02.488771
NOTICEs: 1; WARNINGs: 0; non-fatal ERRORs: 0

Thank you for using QUAST!
